<?xml version="1.0" encoding="utf-8"?><testsuites name="pytest tests"><testsuite name="pytest" errors="0" failures="0" skipped="0" tests="12" time="2.644" timestamp="2026-06-29T16:46:21.563536+00:00" hostname="agent-env-c6c35f30-b94d-4d4a-970e-c0790c60fb02"><testcase classname="tests.test_iteration8_balance_and_pdfs.TestBalanceExamples" name="test_example1_partial_payments" time="0.861" /><testcase classname="tests.test_iteration8_balance_and_pdfs.TestPDFHeadingNoOverlap" name="test_attendance_pdf_heading_no_collision" time="0.787" /><testcase classname="tests.test_iteration8_balance_and_pdfs.TestPDFHeadingNoOverlap" name="test_fees_pdf_heading_no_collision" time="0.185" /><testcase classname="tests.test_iteration8_balance_and_pdfs.TestBalanceExamples" name="test_example2_two_months" time="0.260" /><testcase classname="tests.test_iteration8_balance_and_pdfs.TestPDFHeadingNoOverlap" name="test_expenses_pdf_heading_no_collision" time="0.054" /><testcase classname="tests.test_iteration8_balance_and_pdfs.TestBalanceEdgeCases" name="test_missing_joining_month_falls_back_to_created_at" time="0.139" /><testcase classname="tests.test_iteration8_balance_and_pdfs.TestBalanceExamples" name="test_example3_advance_then_due" time="0.325" /><testcase classname="tests.test_iteration8_balance_and_pdfs.TestBalanceEdgeCases" name="test_future_joining_month_clamps_to_zero" time="0.271" /><testcase classname="tests.test_iteration8_balance_and_pdfs.TestExpensesPDFRange" name="test_range_groups_by_month_with_totals" time="0.267" /><testcase classname="tests.test_iteration8_balance_and_pdfs.TestExpensesPDFRange" name="test_legacy_single_month_param" time="0.051" /><testcase classname="tests.test_iteration8_balance_and_pdfs.TestFeesPDFRange" name="test_range_returns_pdf" time="0.453" /><testcase classname="tests.test_iteration8_balance_and_pdfs.TestFeesPDFRange" name="test_legacy_month_param_still_works" time="0.064" /></testsuite></testsuites>