<?xml version="1.0" encoding="utf-8"?><testsuites name="pytest tests"><testsuite name="pytest" errors="0" failures="0" skipped="0" tests="14" time="3.341" timestamp="2026-06-29T16:58:46.882976+00:00" hostname="agent-env-c6c35f30-b94d-4d4a-970e-c0790c60fb02"><testcase classname="tests.test_iteration9_joining_dates.TestBulkJoiningDates" name="test_requires_auth" time="0.262" /><testcase classname="tests.test_iteration9_joining_dates.TestBulkJoiningDates" name="test_updates_owned_students" time="0.725" /><testcase classname="tests.test_iteration9_joining_dates.TestBulkJoiningDates" name="test_skips_short_dates" time="0.140" /><testcase classname="tests.test_iteration9_joining_dates.TestBulkJoiningDates" name="test_foreign_ids_silently_skipped" time="0.730" /><testcase classname="tests.test_iteration9_joining_dates.TestJoiningDateModel" name="test_create_with_joining_date" time="0.091" /><testcase classname="tests.test_iteration9_joining_dates.TestJoiningDateModel" name="test_legacy_joining_month_still_accepted" time="0.095" /><testcase classname="tests.test_iteration9_joining_dates.TestJoiningDateModel" name="test_put_updates_joining_date" time="0.138" /><testcase classname="tests.test_iteration9_joining_dates.TestJoiningResolution" name="test_pref_joining_date" time="0.095" /><testcase classname="tests.test_iteration9_joining_dates.TestJoiningResolution" name="test_pref_legacy_joining_month" time="0.095" /><testcase classname="tests.test_iteration9_joining_dates.TestJoiningResolution" name="test_pref_created_at_fallback" time="0.102" /><testcase classname="tests.test_iteration9_joining_dates.TestStudentsAllEndpoint" name="test_route_precedence_all_not_treated_as_id" time="0.051" /><testcase classname="tests.test_iteration9_joining_dates.TestStudentsAllEndpoint" name="test_all_contains_batch_info" time="0.101" /><testcase classname="tests.test_iteration9_joining_dates.TestStudentsAllEndpoint" name="test_all_requires_auth" time="0.108" /><testcase classname="tests.test_iteration9_joining_dates.TestBalanceMathWithJoiningDate" name="test_balance_unchanged_with_joining_date" time="0.292" /></testsuite></testsuites>