<?xml version="1.0" encoding="utf-8"?><testsuites name="pytest tests"><testsuite name="pytest" errors="0" failures="0" skipped="0" tests="50" time="7.058" timestamp="2026-06-29T07:09:33.805093+00:00" hostname="agent-env-c6c35f30-b94d-4d4a-970e-c0790c60fb02"><testcase classname="tests.test_edumanage_backend.TestObjectIdHandling" name="test_get_student_bad_id_returns_404" time="0.615" /><testcase classname="tests.test_edumanage_backend.TestObjectIdHandling" name="test_get_batch_bad_id_returns_404" time="0.052" /><testcase classname="tests.test_edumanage_backend.TestObjectIdHandling" name="test_delete_expense_bad_id_returns_404" time="0.050" /><testcase classname="tests.test_edumanage_backend.TestObjectIdHandling" name="test_put_student_garbage_id_not_500" time="0.046" /><testcase classname="tests.test_edumanage_backend.TestObjectIdHandling" name="test_get_student_history_bad_id_returns_404" time="0.051" /><testcase classname="tests.test_edumanage_backend.TestStudentProfileEndpoints" name="test_get_student_returns_student_and_batch" time="0.813" /><testcase classname="tests.test_edumanage_backend.TestObjectIdHandling" name="test_delete_student_bad_id_returns_404" time="0.053" /><testcase classname="tests.test_edumanage_backend.TestObjectIdHandling" name="test_valid_format_but_unknown_still_404" time="0.291" /><testcase classname="tests.test_edumanage_backend.TestAuth" name="test_login_success" time="0.359" /><testcase classname="tests.test_edumanage_backend.TestStudentProfileEndpoints" name="test_get_student_404_for_non_owner" time="0.479" /><testcase classname="tests.test_edumanage_backend.TestStudentProfileEndpoints" name="test_put_batch_404_for_non_owner" time="0.231" /><testcase classname="tests.test_edumanage_backend.TestAuth" name="test_login_invalid" time="0.316" /><testcase classname="tests.test_edumanage_backend.TestStudentProfileEndpoints" name="test_put_student_404_for_non_owner" time="0.045" /><testcase classname="tests.test_edumanage_backend.TestStudentProfileEndpoints" name="test_history_percent_math_75" time="0.913" /><testcase classname="tests.test_edumanage_backend.TestAuth" name="test_me_with_bearer" time="0.048" /><testcase classname="tests.test_edumanage_backend.TestAuth" name="test_me_unauth" time="0.132" /><testcase classname="tests.test_edumanage_backend.TestAuth" name="test_register_and_duplicate" time="0.468" /><testcase classname="tests.test_edumanage_backend.TestStudentProfileEndpoints" name="test_history_zero_percent_when_no_marks" time="0.233" /><testcase classname="tests.test_edumanage_backend.TestAuth" name="test_logout" time="0.139" /><testcase classname="tests.test_edumanage_backend.TestYearOverYearReports" name="test_yoy_requires_auth" time="0.434" /><testcase classname="tests.test_edumanage_backend.TestStudentProfileEndpoints" name="test_history_404_for_non_owner" time="0.093" /><testcase classname="tests.test_edumanage_backend.TestCORS" name="test_preflight_login[https://student-track-49.emergent.host]" time="0.002" /><testcase classname="tests.test_edumanage_backend.TestCORS" name="test_preflight_login[https://student-track-49.preview.emergentagent.com]" time="0.002" /><testcase classname="tests.test_edumanage_backend.TestCORS" name="test_preflight_disallowed_origin" time="0.002" /><testcase classname="tests.test_edumanage_backend.TestCORS" name="test_login_from_prod_origin_sets_cookie_and_cors" time="0.228" /><testcase classname="tests.test_edumanage_backend.TestCORS" name="test_me_with_bearer_from_prod_origin" time="0.240" /><testcase classname="tests.test_edumanage_backend.TestYearOverYearReports" name="test_yoy_structure" time="0.241" /><testcase classname="tests.test_edumanage_backend.TestYearlyReports" name="test_yearly_requires_auth" time="0.269" /><testcase classname="tests.test_edumanage_backend.TestYearOverYearReports" name="test_yoy_delta_math_and_pct" time="0.562" /><testcase classname="tests.test_edumanage_backend.TestYearlyReports" name="test_yearly_structure_and_sort" time="0.088" /><testcase classname="tests.test_edumanage_backend.TestYearlyReports" name="test_yearly_aggregates_fees_and_expenses" time="0.696" /><testcase classname="tests.test_edumanage_backend.TestYearOverYearReports" name="test_yoy_null_pct_when_prev_zero" time="0.052" /><testcase classname="tests.test_edumanage_backend.TestYearOverYearReports" name="test_yoy_pdf" time="0.063" /><testcase classname="tests.test_edumanage_backend.TestYearlyReports" name="test_yearly_pdf" time="0.100" /><testcase classname="tests.test_edumanage_backend.TestYearOverYearReports" name="test_yoy_user_isolation" time="0.739" /><testcase classname="tests.test_edumanage_backend.TestYearlyReports" name="test_yearly_user_isolation" time="0.404" /><testcase classname="tests.test_edumanage_backend.TestProtected" name="test_requires_auth[/batches]" time="0.136" /><testcase classname="tests.test_edumanage_backend.TestProtected" name="test_requires_auth[/expenses]" time="0.139" /><testcase classname="tests.test_edumanage_backend.TestReports" name="test_attendance_pdf" time="0.142" /><testcase classname="tests.test_edumanage_backend.TestReports" name="test_fees_pdf" time="0.052" /><testcase classname="tests.test_edumanage_backend.TestProtected" name="test_requires_auth[/dashboard/stats]" time="0.094" /><testcase classname="tests.test_edumanage_backend.TestReports" name="test_expenses_pdf" time="0.177" /><testcase classname="tests.test_edumanage_backend.TestHealth" name="test_root" time="0.127" /><testcase classname="tests.test_edumanage_backend.TestBatches" name="test_full_batch_lifecycle" time="0.397" /><testcase classname="tests.test_edumanage_backend.TestIsolation" name="test_batch_not_visible_across_users" time="0.280" /><testcase classname="tests.test_edumanage_backend.TestAttendance" name="test_save_and_get_and_summary" time="0.430" /><testcase classname="tests.test_edumanage_backend.TestStudents" name="test_create_list_update_delete" time="0.411" /><testcase classname="tests.test_edumanage_backend.TestExpenses" name="test_crud" time="0.232" /><testcase classname="tests.test_edumanage_backend.TestFees" name="test_pay_list_delete" time="0.442" /><testcase classname="tests.test_edumanage_backend.TestDashboard" name="test_stats" time="0.049" /></testsuite></testsuites>